<?xml version="1.0" encoding="UTF-8"?>
<!-- Generated by org.testng.reporters.JUnitReportReporter -->
<testsuite hostname="Юрий-HP" name="com.example.tests.AlsoGroupCreationTests" tests="2" failures="0" timestamp="7 Nov 2015 11:11:27 GMT" time="4.141" errors="0">
  <testcase name="testEmptyGroupCreation" time="2.004" classname="com.example.tests.AlsoGroupCreationTests"/>
  <testcase name="testNonEmptyGroupCreation" time="2.137" classname="com.example.tests.AlsoGroupCreationTests"/>
</testsuite> <!-- com.example.tests.AlsoGroupCreationTests -->
