<?xml version="1.0" encoding="UTF-8"?>
<!-- Generated by org.testng.reporters.JUnitReportReporter -->
<testsuite hostname="Юрий-HP" name="com.example.tests.AlsoGroupCreationTests" tests="2" failures="0" timestamp="19 Oct 2015 09:53:43 GMT" time="9.635" errors="0">
  <testcase name="testEmptyGroupCreation" time="5.924" classname="com.example.tests.AlsoGroupCreationTests"/>
  <testcase name="testNonEmptyGroupCreation" time="3.711" classname="com.example.tests.AlsoGroupCreationTests"/>
</testsuite> <!-- com.example.tests.AlsoGroupCreationTests -->
