<?xml version="1.0" encoding="UTF-8"?>
<!-- Generated by org.testng.reporters.JUnitReportReporter -->
<testsuite hostname="Юрий-HP" name="com.example.tests.ContactCreationTests" tests="2" failures="0" timestamp="19 Oct 2015 09:53:43 GMT" time="10.120" errors="0">
  <testcase name="testEmptyContactCreation" time="4.810" classname="com.example.tests.ContactCreationTests"/>
  <testcase name="testNonEmptyContactCreation" time="5.310" classname="com.example.tests.ContactCreationTests"/>
</testsuite> <!-- com.example.tests.ContactCreationTests -->
