<?xml version="1.0" encoding="UTF-8"?>
<!-- Generated by org.testng.reporters.JUnitReportReporter -->
<testsuite hostname="Юрий-HP" name="com.example.tests.GroupModificationTests" tests="5" failures="0" timestamp="7 Nov 2015 11:11:27 GMT" time="10.616" errors="0">
  <testcase name="modifySomeGroup" time="2.162" classname="com.example.tests.GroupModificationTests"/>
  <testcase name="modifySomeGroup" time="1.954" classname="com.example.tests.GroupModificationTests"/>
  <testcase name="modifySomeGroup" time="2.118" classname="com.example.tests.GroupModificationTests"/>
  <testcase name="modifySomeGroup" time="2.102" classname="com.example.tests.GroupModificationTests"/>
  <testcase name="modifySomeGroup" time="2.280" classname="com.example.tests.GroupModificationTests"/>
</testsuite> <!-- com.example.tests.GroupModificationTests -->
