<?xml version="1.0" encoding="UTF-8"?>
<!-- Generated by org.testng.reporters.JUnitReportReporter -->
<testsuite hostname="Юрий-HP" name="com.example.tests.ContactRemovalTests" tests="1" failures="0" timestamp="7 Nov 2015 11:11:27 GMT" time="5.869" errors="0">
  <testcase name="deleteSomeContact" time="5.869" classname="com.example.tests.ContactRemovalTests"/>
</testsuite> <!-- com.example.tests.ContactRemovalTests -->
