<?xml version="1.0" encoding="UTF-8"?>
<!-- Generated by org.testng.reporters.JUnitReportReporter -->
<testsuite hostname="Юрий-HP" name="com.example.tests.ContactModificationTests" tests="1" failures="0" timestamp="7 Nov 2015 11:11:27 GMT" time="2.196" errors="0">
  <testcase name="modifySomeContact" time="2.196" classname="com.example.tests.ContactModificationTests"/>
</testsuite> <!-- com.example.tests.ContactModificationTests -->
