<?xml version="1.0" encoding="UTF-8"?>
<!-- Generated by org.testng.reporters.JUnitReportReporter -->
<testsuite hostname="Юрий-HP" name="com.example.tests.GroupRemovalTests" tests="1" failures="0" timestamp="7 Nov 2015 11:11:27 GMT" time="1.499" errors="0">
  <testcase name="deleteSomeGroup" time="1.499" classname="com.example.tests.GroupRemovalTests"/>
</testsuite> <!-- com.example.tests.GroupRemovalTests -->
