<?xml version="1.0" encoding="UTF-8"?>
<!-- Generated by org.testng.reporters.JUnitReportReporter -->
<testsuite hostname="Юрий-HP" name="com.example.tests.GroupCreationTests" tests="2" failures="0" timestamp="19 Oct 2015 09:53:43 GMT" time="6.313" errors="0">
  <testcase name="testNonEmptyGroupCreation" time="3.130" classname="com.example.tests.GroupCreationTests"/>
  <testcase name="testEmptyGroupCreation" time="3.183" classname="com.example.tests.GroupCreationTests"/>
</testsuite> <!-- com.example.tests.GroupCreationTests -->
