<?xml version="1.0" encoding="UTF-8"?>
<!-- Generated by org.testng.reporters.JUnitReportReporter -->
<testsuite hostname="Юрий-HP" name="com.example.tests.ContactCreationTests" tests="2" failures="0" timestamp="7 Nov 2015 11:11:27 GMT" time="5.889" errors="0">
  <testcase name="testNonEmptyContactCreation" time="3.022" classname="com.example.tests.ContactCreationTests"/>
  <testcase name="testEmptyContactCreation" time="2.867" classname="com.example.tests.ContactCreationTests"/>
</testsuite> <!-- com.example.tests.ContactCreationTests -->
